[0.198s] Invoking command in '/home/aashvi/service_ws/build/turtlesim': CMAKE_PREFIX_PATH=${CMAKE_PREFIX_PATH}:/home/aashvi/ros2_ws/install/turtle_mover:/home/aashvi/ros2_ws/install/my_robot_controller:/home/aashvi/ros2_ws/install/py_pubsub:/home/aashvi/ros2_ws/install/my_package:/home/aashvi/ros2_ws/install/launch_testing_examples:/home/aashvi/ros2_ws/install/examples_rclpy_pointcloud_publisher:/home/aashvi/ros2_ws/install/examples_rclpy_minimal_subscriber:/home/aashvi/ros2_ws/install/examples_rclpy_minimal_service:/home/aashvi/ros2_ws/install/examples_rclpy_minimal_publisher:/home/aashvi/ros2_ws/install/examples_rclpy_minimal_client:/home/aashvi/ros2_ws/install/examples_rclpy_minimal_action_server:/home/aashvi/ros2_ws/install/examples_rclpy_minimal_action_client:/home/aashvi/ros2_ws/install/examples_rclpy_guard_conditions:/home/aashvi/ros2_ws/install/examples_rclpy_executors:/home/aashvi/ros2_ws/src/install/turtle_mover:/home/aashvi/ros2_ws/src/install/py_pubsub:/opt/ros/humble /usr/bin/cmake /home/aashvi/service_ws/src/ros_tutorials/turtlesim -DAMENT_CMAKE_SYMLINK_INSTALL=1 -DCMAKE_INSTALL_PREFIX=/home/aashvi/service_ws/install/turtlesim
[0.210s] -- Found ament_cmake: 1.3.11 (/opt/ros/humble/share/ament_cmake/cmake)
[0.316s] -- Override CMake install command with custom implementation using symlinks instead of copying resources
[0.340s] -- Found ament_index_cpp: 1.4.0 (/opt/ros/humble/share/ament_index_cpp/cmake)
[0.341s] -- Found geometry_msgs: 4.2.4 (/opt/ros/humble/share/geometry_msgs/cmake)
[0.369s] -- Found rosidl_generator_c: 3.1.6 (/opt/ros/humble/share/rosidl_generator_c/cmake)
[0.372s] -- Found rosidl_adapter: 3.1.6 (/opt/ros/humble/share/rosidl_adapter/cmake)
[0.378s] -- Found rosidl_generator_cpp: 3.1.6 (/opt/ros/humble/share/rosidl_generator_cpp/cmake)
[0.389s] -- Using all available rosidl_typesupport_c: rosidl_typesupport_fastrtps_c;rosidl_typesupport_introspection_c
[0.401s] -- Using all available rosidl_typesupport_cpp: rosidl_typesupport_fastrtps_cpp;rosidl_typesupport_introspection_cpp
[0.454s] -- Found rclcpp: 16.0.11 (/opt/ros/humble/share/rclcpp/cmake)
[0.480s] -- Found rmw_implementation_cmake: 6.1.2 (/opt/ros/humble/share/rmw_implementation_cmake/cmake)
[0.483s] -- Found rmw_fastrtps_cpp: 6.2.7 (/opt/ros/humble/share/rmw_fastrtps_cpp/cmake)
[0.564s] -- Using RMW implementation 'rmw_fastrtps_cpp' as default
[0.598s] -- Found rclcpp_action: 16.0.11 (/opt/ros/humble/share/rclcpp_action/cmake)
[0.630s] -- Found rosidl_default_generators: 1.2.0 (/opt/ros/humble/share/rosidl_default_generators/cmake)
[0.638s] -- Found std_srvs: 4.2.4 (/opt/ros/humble/share/std_srvs/cmake)
[0.860s] -- Found ament_cmake_ros: 0.10.0 (/opt/ros/humble/share/ament_cmake_ros/cmake)
[1.078s] -- Using all available rosidl_typesupport_c: rosidl_typesupport_fastrtps_c;rosidl_typesupport_introspection_c
[1.162s] -- Using all available rosidl_typesupport_cpp: rosidl_typesupport_fastrtps_cpp;rosidl_typesupport_introspection_cpp
[1.177s] -- Found python_cmake_module: 0.10.0 (/opt/ros/humble/share/python_cmake_module/cmake)
[1.192s] -- Using PYTHON_EXECUTABLE: /usr/bin/python3
[1.192s] -- Using PYTHON_INCLUDE_DIRS: /usr/include/python3.10
[1.192s] -- Using PYTHON_LIBRARIES: /usr/lib/aarch64-linux-gnu/libpython3.10.so
[1.239s] -- Configuring done
[1.279s] -- Generating done
[1.291s] -- Build files have been written to: /home/aashvi/service_ws/build/turtlesim
[1.295s] Invoked command in '/home/aashvi/service_ws/build/turtlesim' returned '0': CMAKE_PREFIX_PATH=${CMAKE_PREFIX_PATH}:/home/aashvi/ros2_ws/install/turtle_mover:/home/aashvi/ros2_ws/install/my_robot_controller:/home/aashvi/ros2_ws/install/py_pubsub:/home/aashvi/ros2_ws/install/my_package:/home/aashvi/ros2_ws/install/launch_testing_examples:/home/aashvi/ros2_ws/install/examples_rclpy_pointcloud_publisher:/home/aashvi/ros2_ws/install/examples_rclpy_minimal_subscriber:/home/aashvi/ros2_ws/install/examples_rclpy_minimal_service:/home/aashvi/ros2_ws/install/examples_rclpy_minimal_publisher:/home/aashvi/ros2_ws/install/examples_rclpy_minimal_client:/home/aashvi/ros2_ws/install/examples_rclpy_minimal_action_server:/home/aashvi/ros2_ws/install/examples_rclpy_minimal_action_client:/home/aashvi/ros2_ws/install/examples_rclpy_guard_conditions:/home/aashvi/ros2_ws/install/examples_rclpy_executors:/home/aashvi/ros2_ws/src/install/turtle_mover:/home/aashvi/ros2_ws/src/install/py_pubsub:/opt/ros/humble /usr/bin/cmake /home/aashvi/service_ws/src/ros_tutorials/turtlesim -DAMENT_CMAKE_SYMLINK_INSTALL=1 -DCMAKE_INSTALL_PREFIX=/home/aashvi/service_ws/install/turtlesim
[1.296s] Invoking command in '/home/aashvi/service_ws/build/turtlesim': CMAKE_PREFIX_PATH=${CMAKE_PREFIX_PATH}:/home/aashvi/ros2_ws/install/turtle_mover:/home/aashvi/ros2_ws/install/my_robot_controller:/home/aashvi/ros2_ws/install/py_pubsub:/home/aashvi/ros2_ws/install/my_package:/home/aashvi/ros2_ws/install/launch_testing_examples:/home/aashvi/ros2_ws/install/examples_rclpy_pointcloud_publisher:/home/aashvi/ros2_ws/install/examples_rclpy_minimal_subscriber:/home/aashvi/ros2_ws/install/examples_rclpy_minimal_service:/home/aashvi/ros2_ws/install/examples_rclpy_minimal_publisher:/home/aashvi/ros2_ws/install/examples_rclpy_minimal_client:/home/aashvi/ros2_ws/install/examples_rclpy_minimal_action_server:/home/aashvi/ros2_ws/install/examples_rclpy_minimal_action_client:/home/aashvi/ros2_ws/install/examples_rclpy_guard_conditions:/home/aashvi/ros2_ws/install/examples_rclpy_executors:/home/aashvi/ros2_ws/src/install/turtle_mover:/home/aashvi/ros2_ws/src/install/py_pubsub:/opt/ros/humble /usr/bin/cmake --build /home/aashvi/service_ws/build/turtlesim -- -j8 -l8
[1.317s] [35m[1mConsolidate compiler generated dependencies of target turtlesim__rosidl_generator_c[0m
[1.318s] failed to create symbolic link '/home/aashvi/service_ws/build/turtlesim/ament_cmake_python/turtlesim/turtlesim' because existing path cannot be removed: Is a directory
[1.319s] gmake[2]: *** [CMakeFiles/ament_cmake_python_symlink_turtlesim.dir/build.make:70: CMakeFiles/ament_cmake_python_symlink_turtlesim] Error 1
[1.319s] gmake[1]: *** [CMakeFiles/Makefile2:429: CMakeFiles/ament_cmake_python_symlink_turtlesim.dir/all] Error 2
[1.319s] gmake[1]: *** Waiting for unfinished jobs....
[1.319s] [  1%] Built target turtlesim__cpp
[1.323s] [ 11%] Built target turtlesim__rosidl_generator_c
[1.323s] gmake: *** [Makefile:146: all] Error 2
[1.325s] Invoked command in '/home/aashvi/service_ws/build/turtlesim' returned '2': CMAKE_PREFIX_PATH=${CMAKE_PREFIX_PATH}:/home/aashvi/ros2_ws/install/turtle_mover:/home/aashvi/ros2_ws/install/my_robot_controller:/home/aashvi/ros2_ws/install/py_pubsub:/home/aashvi/ros2_ws/install/my_package:/home/aashvi/ros2_ws/install/launch_testing_examples:/home/aashvi/ros2_ws/install/examples_rclpy_pointcloud_publisher:/home/aashvi/ros2_ws/install/examples_rclpy_minimal_subscriber:/home/aashvi/ros2_ws/install/examples_rclpy_minimal_service:/home/aashvi/ros2_ws/install/examples_rclpy_minimal_publisher:/home/aashvi/ros2_ws/install/examples_rclpy_minimal_client:/home/aashvi/ros2_ws/install/examples_rclpy_minimal_action_server:/home/aashvi/ros2_ws/install/examples_rclpy_minimal_action_client:/home/aashvi/ros2_ws/install/examples_rclpy_guard_conditions:/home/aashvi/ros2_ws/install/examples_rclpy_executors:/home/aashvi/ros2_ws/src/install/turtle_mover:/home/aashvi/ros2_ws/src/install/py_pubsub:/opt/ros/humble /usr/bin/cmake --build /home/aashvi/service_ws/build/turtlesim -- -j8 -l8
