CMake Deprecation Warning at CMakeLists.txt:1 (cmake_minimum_required):
  Compatibility with CMake < 3.10 will be removed from a future version of
  CMake.

  Update the VERSION argument <min> value.  Or, use the <min>...<max> syntax
  to tell CMake that the project requires at least <min> but has been updated
  to work with policies introduced by <max> or earlier.


Error parsing '/Users/dgawade/ros_rviz/src/rviz_plugin_tutorial/rviz_plugin_tutorial/package.xml':
Traceback (most recent call last):
  File "/Users/dgawade/miniconda3/envs/ros_env/share/ament_cmake_core/cmake/core/package_xml_2_cmake.py", line 150, in <module>
    main()
  File "/Users/dgawade/miniconda3/envs/ros_env/share/ament_cmake_core/cmake/core/package_xml_2_cmake.py", line 53, in main
    raise e
  File "/Users/dgawade/miniconda3/envs/ros_env/share/ament_cmake_core/cmake/core/package_xml_2_cmake.py", line 49, in main
    package = parse_package_string(
              ^^^^^^^^^^^^^^^^^^^^^
  File "/Users/dgawade/miniconda3/envs/ros_env/lib/python3.11/site-packages/catkin_pkg/package.py", line 786, in parse_package_string
    raise InvalidPackage('Error(s):%s' % (''.join(['\n- %s' % e for e in errors])), filename)
catkin_pkg.package.InvalidPackage: Error(s) in package '/Users/dgawade/ros_rviz/src/rviz_plugin_tutorial/rviz_plugin_tutorial/package.xml':
Error(s):
- The generic dependency on 'pluginlib' is redundant with: build_depend, build_export_depend, exec_depend
- The generic dependency on 'rviz_common' is redundant with: build_depend, build_export_depend, exec_depend
CMake Error at /Users/dgawade/miniconda3/envs/ros_env/share/ament_cmake_core/cmake/core/ament_package_xml.cmake:95 (message):
  execute_process(/Users/dgawade/miniconda3/envs/ros_env/bin/python3
  /Users/dgawade/miniconda3/envs/ros_env/share/ament_cmake_core/cmake/core/package_xml_2_cmake.py
  /Users/dgawade/ros_rviz/src/rviz_plugin_tutorial/rviz_plugin_tutorial/package.xml
  /Users/dgawade/ros_rviz/build/rviz_plugin_tutorial/ament_cmake_core/package.cmake)
  returned error code 1
Call Stack (most recent call first):
  /Users/dgawade/miniconda3/envs/ros_env/share/ament_cmake_core/cmake/core/ament_package_xml.cmake:49 (_ament_package_xml)
  /Users/dgawade/miniconda3/envs/ros_env/share/ament_lint_auto/cmake/ament_lint_auto_find_test_dependencies.cmake:31 (ament_package_xml)
  CMakeLists.txt:83 (ament_lint_auto_find_test_dependencies)


make: *** [Makefile:349: cmake_check_build_system] Error 1
